<?xml version='1.0' encoding='UTF-8'?>
<testsuite hostname="LAPTOP-G337QS9I" name="wikipedia.WikipediaSuite" tests="5" errors="0" failures="0" skipped="0" time="14.706" timestamp="2023-04-20T19:23:13">
          <properties>
[...]
</properties>
          <testcase classname="wikipedia.WikipediaSuite" name="'occurrencesOfLang' should work for (specific) RDD with one element" time="13.343">
                      
                    </testcase><testcase classname="wikipedia.WikipediaSuite" name="'rankLangs' should work for RDD with two elements" time="0.113">
                      
                    </testcase><testcase classname="wikipedia.WikipediaSuite" name="'makeIndex' creates a simple index with two entries" time="0.435">
                      
                    </testcase><testcase classname="wikipedia.WikipediaSuite" name="'rankLangsUsingIndex' should work for a simple RDD with three elements" time="0.297">
                      
                    </testcase><testcase classname="wikipedia.WikipediaSuite" name="'rankLangsReduceByKey' should work for a simple RDD with four elements" time="0.518">
                      
                    </testcase>
          <system-out><![CDATA[]]></system-out>
          <system-err><![CDATA[]]></system-err>
        </testsuite>